<?xml version="1.0" encoding="UTF-8"?>
<!-- Generated by org.testng.reporters.JUnitReportReporter -->
<testsuite hostname="RGDevice" failures="0" tests="6" name="Amazon_product_Purchase_Flow.amazon_product_buy" time="6.579" errors="0" timestamp="2024-06-25T19:05:10 IST" skipped="0">
  <testcase classname="Amazon_product_Purchase_Flow.amazon_product_buy" name="implement_wait" time="0.015"/>
  <testcase classname="Amazon_product_Purchase_Flow.amazon_product_buy" name="Making_obj_of_utility" time="0.029"/>
  <testcase classname="Amazon_product_Purchase_Flow.amazon_product_buy" name="login_with_mobile_number" time="1.105"/>
  <testcase classname="Amazon_product_Purchase_Flow.amazon_product_buy" name="Verify_page_title" time="1.927"/>
  <testcase classname="Amazon_product_Purchase_Flow.amazon_product_buy" name="Searching_product" time="2.921"/>
  <testcase classname="Amazon_product_Purchase_Flow.amazon_product_buy" name="Findind_list_of_prod" time="0.582"/>
</testsuite> <!-- Amazon_product_Purchase_Flow.amazon_product_buy -->
