<?xml version="1.0" encoding="UTF-8"?>
<!-- Generated by org.testng.reporters.JUnitReportReporter -->
<testsuite hostname="RGDevice" failures="0" tests="8" name="Amazon_product_Purchase_Flow.amazon_product_buy" time="8.771" errors="0" timestamp="2024-06-26T18:35:33 IST" skipped="0">
  <testcase classname="Amazon_product_Purchase_Flow.amazon_product_buy" name="implement_wait" time="0.019"/>
  <testcase classname="Amazon_product_Purchase_Flow.amazon_product_buy" name="Making_obj_of_utility" time="0.033"/>
  <testcase classname="Amazon_product_Purchase_Flow.amazon_product_buy" name="login_with_mobile_number" time="1.163"/>
  <testcase classname="Amazon_product_Purchase_Flow.amazon_product_buy" name="Verify_page_title" time="2.298"/>
  <testcase classname="Amazon_product_Purchase_Flow.amazon_product_buy" name="Searching_product" time="2.437"/>
  <testcase classname="Amazon_product_Purchase_Flow.amazon_product_buy" name="Findind_list_of_prod" time="0.560"/>
  <testcase classname="Amazon_product_Purchase_Flow.amazon_product_buy" name="count_link" time="0.067"/>
  <testcase classname="Amazon_product_Purchase_Flow.amazon_product_buy" name="check_detail_screen" time="2.194"/>
</testsuite> <!-- Amazon_product_Purchase_Flow.amazon_product_buy -->
